[2015-12-24 16:36:31]	D:\Workplaces\MyEclipse\SpiritWord\Data\NLPIR.user Not valid license or your license expired! Please feel free to contact pipy_zhang@msn.com! 
[2015-12-24 16:44:21]	Cannot open file 
[2015-12-24 16:44:21]	D:\Workplaces\MyEclipse\SpiritWord\Data\KeyBlackList.pdat
[2015-12-24 16:44:21]	Error read file
[2015-12-24 16:44:21]	test/潘浚一个字头的诞生.TXT.TXT
[2015-12-24 16:54:15]	Cannot open file 
[2015-12-24 16:54:15]	D:\Workplaces\MyEclipse\SpiritWord\Data\KeyBlackList.pdat
[2015-12-24 16:54:15]	Error read file
[2015-12-24 16:54:15]	test/潘浚一个字头的诞生.TXT.TXT
[2015-12-24 16:58:04]	Cannot open file 
[2015-12-24 16:58:04]	D:\Workplaces\MyEclipse\SpiritWord\Data\KeyBlackList.pdat
[2015-12-24 16:58:04]	Error read file
[2015-12-24 16:58:04]	test/潘浚一个字头的诞生.TXT.TXT
[2015-12-24 16:58:17]	Cannot open file 
[2015-12-24 16:58:17]	D:\Workplaces\MyEclipse\SpiritWord\Data\KeyBlackList.pdat
[2015-12-24 16:58:17]	Error read file
[2015-12-24 16:58:17]	test/潘浚一个字头的诞生.TXT.TXT
[2015-12-24 17:00:56]	Cannot open file 
[2015-12-24 17:00:56]	D:\Workplaces\MyEclipse\SpiritWord\Data\KeyBlackList.pdat
[2015-12-24 17:00:56]	Error read file
[2015-12-24 17:00:56]	test/潘浚一个字头的诞生.TXT.TXT
[2015-12-24 17:02:47]	Cannot open file 
[2015-12-24 17:02:47]	D:\Workplaces\MyEclipse\SpiritWord\Data\KeyBlackList.pdat
[2015-12-24 17:02:47]	Error read file
[2015-12-24 17:02:47]	test/潘浚一个字头的诞生.TXT.TXT
[2015-12-24 17:09:12]	Cannot open file 
[2015-12-24 17:09:12]	D:\Workplaces\MyEclipse\SpiritWord\Data\KeyBlackList.pdat
[2015-12-24 17:09:12]	Error read file
[2015-12-24 17:09:12]	test/潘浚一个字头的诞生.TXT.TXT
[2015-12-24 17:10:08]	Cannot open file 
[2015-12-24 17:10:08]	D:\Workplaces\MyEclipse\SpiritWord\Data\KeyBlackList.pdat
[2015-12-24 17:10:08]	Error read file
[2015-12-24 17:10:08]	test/潘浚一个字头的诞生.TXT.TXT
[2015-12-24 17:12:13]	Cannot open file 
[2015-12-24 17:12:13]	D:\Workplaces\MyEclipse\SpiritWord\Data\KeyBlackList.pdat
[2015-12-24 17:12:13]	Error read file
[2015-12-24 17:12:13]	test/潘浚一个字头的诞生.TXT.TXT
[2015-12-24 17:12:53]	Cannot open file 
[2015-12-24 17:12:53]	D:\Workplaces\MyEclipse\SpiritWord\Data\KeyBlackList.pdat
[2015-12-24 17:12:53]	Error read file
[2015-12-24 17:12:53]	test/潘浚一个字头的诞生.TXT.TXT
[2015-12-24 17:21:28]	Cannot open file 
[2015-12-24 17:21:28]	D:\Workplaces\MyEclipse\SpiritWord\Data\KeyBlackList.pdat
[2015-12-24 19:05:13]	Cannot open file 
[2015-12-24 19:05:13]	D:\Workplaces\MyEclipse\SpiritWord\Data\KeyBlackList.pdat
[2015-12-24 19:23:57]	Cannot open file 
[2015-12-24 19:23:57]	D:\Workplaces\MyEclipse\SpiritWord\Data\KeyBlackList.pdat
[2015-12-24 19:31:31]	Cannot open file 
[2015-12-24 19:31:31]	D:\Workplaces\MyEclipse\SpiritWord\Data\KeyBlackList.pdat
[2015-12-24 19:31:51]	Cannot open file 
[2015-12-24 19:31:51]	D:\Workplaces\MyEclipse\SpiritWord\Data\KeyBlackList.pdat
[2015-12-24 19:36:14]	Cannot open file 
[2015-12-24 19:36:14]	D:\Workplaces\MyEclipse\SpiritWord\Data\KeyBlackList.pdat
[2015-12-24 19:36:34]	Cannot open file 
[2015-12-24 19:36:34]	D:\Workplaces\MyEclipse\SpiritWord\Data\KeyBlackList.pdat
[2015-12-24 19:37:33]	Cannot open file 
[2015-12-24 19:37:33]	D:\Workplaces\MyEclipse\SpiritWord\Data\KeyBlackList.pdat
[2015-12-24 19:37:49]	Cannot open file 
[2015-12-24 19:37:49]	D:\Workplaces\MyEclipse\SpiritWord\Data\KeyBlackList.pdat
[2015-12-24 19:38:14]	Cannot open file 
[2015-12-24 19:38:14]	D:\Workplaces\MyEclipse\SpiritWord\Data\KeyBlackList.pdat
[2015-12-24 19:42:12]	Cannot open file 
[2015-12-24 19:42:12]	D:\Workplaces\MyEclipse\SpiritWord\Data\KeyBlackList.pdat
[2015-12-24 19:42:51]	Cannot open file 
[2015-12-24 19:42:51]	D:\Workplaces\MyEclipse\SpiritWord\Data\KeyBlackList.pdat
[2015-12-24 19:43:58]	Cannot open file 
[2015-12-24 19:43:58]	D:\Workplaces\MyEclipse\SpiritWord\Data\KeyBlackList.pdat
[2015-12-24 19:59:22]	Cannot open file 
[2015-12-24 19:59:22]	D:\Workplaces\MyEclipse\SpiritWord\Data\KeyBlackList.pdat
[2015-12-24 19:59:48]	Cannot open file 
[2015-12-24 19:59:48]	D:\Workplaces\MyEclipse\SpiritWord\Data\KeyBlackList.pdat
[2015-12-24 20:00:08]	Cannot open file 
[2015-12-24 20:00:08]	D:\Workplaces\MyEclipse\SpiritWord\Data\KeyBlackList.pdat
[2015-12-24 20:00:26]	Cannot open file 
[2015-12-24 20:00:26]	D:\Workplaces\MyEclipse\SpiritWord\Data\KeyBlackList.pdat
[2015-12-24 20:19:30]	Cannot open file 
[2015-12-24 20:19:30]	D:\Workplaces\MyEclipse\SpiritWord\Data\KeyBlackList.pdat
[2015-12-24 20:21:12]	Cannot open file 
[2015-12-24 20:21:12]	D:\Workplaces\MyEclipse\SpiritWord\Data\KeyBlackList.pdat
[2015-12-24 20:23:54]	Cannot open file 
[2015-12-24 20:23:54]	D:\Workplaces\MyEclipse\SpiritWord\Data\KeyBlackList.pdat
[2015-12-24 20:32:41]	Cannot open file 
[2015-12-24 20:32:41]	D:\Workplaces\MyEclipse\SpiritWord\Data\KeyBlackList.pdat
[2015-12-24 20:33:07]	Cannot open file 
[2015-12-24 20:33:07]	D:\Workplaces\MyEclipse\SpiritWord\Data\KeyBlackList.pdat
[2015-12-24 20:33:19]	Cannot open file 
[2015-12-24 20:33:19]	D:\Workplaces\MyEclipse\SpiritWord\Data\KeyBlackList.pdat
