[2016-01-13 11:15:21]	Cannot open file 
[2016-01-13 11:15:21]	D:\Workplaces\MyEclipse\WordAnalysis\Data\KeyBlackList.pdat
[2016-01-13 11:15:22]	Failed Open file Failed Open file 
[2016-01-13 11:15:22]	Error read file
[2016-01-13 11:15:22]	test/Userdic.txt
[2016-01-13 11:15:22]	Cannot open file 
[2016-01-13 11:15:22]	D:\Workplaces\MyEclipse\WordAnalysis\Data\KeyBlackList.pdat
[2016-01-13 11:15:22]	Failed Open file Failed Open file 
[2016-01-13 11:15:22]	Error read file
[2016-01-13 11:15:22]	test/Userdic.txt
[2016-01-13 11:15:22]	Cannot open file 
[2016-01-13 11:15:22]	D:\Workplaces\MyEclipse\WordAnalysis\Data\KeyBlackList.pdat
[2016-01-13 11:15:22]	Failed Open file Failed Open file 
[2016-01-13 11:15:22]	Error read file
[2016-01-13 11:15:22]	test/Userdic.txt
[2016-01-13 11:59:05]	Cannot open file 
[2016-01-13 11:59:05]	D:\Workplaces\MyEclipse\WordAnalysis\Data\KeyBlackList.pdat
[2016-01-13 11:59:05]	Failed Open file Failed Open file 
[2016-01-13 11:59:05]	Error read file
[2016-01-13 11:59:05]	test/Userdic.txt
[2016-01-13 11:59:05]	Cannot open file 
[2016-01-13 11:59:05]	D:\Workplaces\MyEclipse\WordAnalysis\Data\KeyBlackList.pdat
[2016-01-13 11:59:05]	Failed Open file Failed Open file 
[2016-01-13 11:59:05]	Error read file
[2016-01-13 11:59:05]	test/Userdic.txt
[2016-01-13 11:59:05]	Cannot open file 
[2016-01-13 11:59:05]	D:\Workplaces\MyEclipse\WordAnalysis\Data\KeyBlackList.pdat
[2016-01-13 11:59:05]	Failed Open file Failed Open file 
[2016-01-13 11:59:05]	Error read file
[2016-01-13 11:59:05]	test/Userdic.txt
[2016-01-13 11:59:15]	Cannot open file 
[2016-01-13 11:59:15]	D:\Workplaces\MyEclipse\WordAnalysis\Data\KeyBlackList.pdat
[2016-01-13 11:59:16]	Failed Open file Failed Open file 
[2016-01-13 11:59:16]	Error read file
[2016-01-13 11:59:16]	test/Userdic.txt
[2016-01-13 11:59:16]	Cannot open file 
[2016-01-13 11:59:16]	D:\Workplaces\MyEclipse\WordAnalysis\Data\KeyBlackList.pdat
[2016-01-13 11:59:16]	Failed Open file Failed Open file 
[2016-01-13 11:59:16]	Error read file
[2016-01-13 11:59:16]	test/Userdic.txt
[2016-01-13 11:59:16]	Cannot open file 
[2016-01-13 11:59:16]	D:\Workplaces\MyEclipse\WordAnalysis\Data\KeyBlackList.pdat
[2016-01-13 11:59:16]	Failed Open file Failed Open file 
[2016-01-13 11:59:16]	Error read file
[2016-01-13 11:59:16]	test/Userdic.txt
[2016-01-13 12:01:08]	Cannot open file 
[2016-01-13 12:01:08]	D:\Workplaces\MyEclipse\WordAnalysis\Data\KeyBlackList.pdat
[2016-01-13 12:01:08]	Failed Open file Failed Open file 
[2016-01-13 12:01:08]	Error read file
[2016-01-13 12:01:08]	test/Userdic.txt
[2016-01-13 12:01:08]	Cannot open file 
[2016-01-13 12:01:08]	D:\Workplaces\MyEclipse\WordAnalysis\Data\KeyBlackList.pdat
[2016-01-13 12:01:08]	Failed Open file Failed Open file 
[2016-01-13 12:01:08]	Error read file
[2016-01-13 12:01:08]	test/Userdic.txt
[2016-01-13 12:01:08]	Cannot open file 
[2016-01-13 12:01:08]	D:\Workplaces\MyEclipse\WordAnalysis\Data\KeyBlackList.pdat
[2016-01-13 12:01:08]	Failed Open file Failed Open file 
[2016-01-13 12:01:08]	Error read file
[2016-01-13 12:01:08]	test/Userdic.txt
[2016-01-13 12:09:07]	Cannot open file 
[2016-01-13 12:09:07]	D:\Workplaces\MyEclipse\WordAnalysis\Data\KeyBlackList.pdat
[2016-01-13 12:09:07]	Failed Open file Failed Open file 
[2016-01-13 12:09:07]	Error read file
[2016-01-13 12:09:07]	test/Userdic.txt
[2016-01-13 12:09:07]	Cannot open file 
[2016-01-13 12:09:07]	D:\Workplaces\MyEclipse\WordAnalysis\Data\KeyBlackList.pdat
[2016-01-13 12:09:07]	Failed Open file Failed Open file 
[2016-01-13 12:09:07]	Error read file
[2016-01-13 12:09:07]	test/Userdic.txt
[2016-01-13 12:09:08]	Cannot open file 
[2016-01-13 12:09:08]	D:\Workplaces\MyEclipse\WordAnalysis\Data\KeyBlackList.pdat
[2016-01-13 12:09:08]	Failed Open file Failed Open file 
[2016-01-13 12:09:08]	Error read file
[2016-01-13 12:09:08]	test/Userdic.txt
[2016-01-13 12:22:23]	Cannot open file 
[2016-01-13 12:22:23]	D:\Workplaces\MyEclipse\WordAnalysis\Data\KeyBlackList.pdat
[2016-01-13 12:22:23]	Failed Open file Failed Open file 
[2016-01-13 12:22:23]	Error read file
[2016-01-13 12:22:23]	test/Userdic.txt
[2016-01-13 12:22:23]	Cannot open file 
[2016-01-13 12:22:23]	D:\Workplaces\MyEclipse\WordAnalysis\Data\KeyBlackList.pdat
[2016-01-13 12:22:23]	Failed Open file Failed Open file 
[2016-01-13 12:22:23]	Error read file
[2016-01-13 12:22:23]	test/Userdic.txt
[2016-01-13 12:22:23]	Cannot open file 
[2016-01-13 12:22:23]	D:\Workplaces\MyEclipse\WordAnalysis\Data\KeyBlackList.pdat
[2016-01-13 12:22:23]	Failed Open file Failed Open file 
[2016-01-13 12:22:23]	Error read file
[2016-01-13 12:22:23]	test/Userdic.txt
[2016-01-13 12:41:23]	Cannot open file 
[2016-01-13 12:41:23]	D:\Workplaces\MyEclipse\WordAnalysis\Data\KeyBlackList.pdat
[2016-01-13 12:41:23]	Failed Open file Failed Open file 
[2016-01-13 12:41:23]	Error read file
[2016-01-13 12:41:23]	test/Userdic.txt
[2016-01-13 12:41:23]	Cannot open file 
[2016-01-13 12:41:23]	D:\Workplaces\MyEclipse\WordAnalysis\Data\KeyBlackList.pdat
[2016-01-13 12:41:23]	Failed Open file Failed Open file 
[2016-01-13 12:41:23]	Error read file
[2016-01-13 12:41:23]	test/Userdic.txt
[2016-01-13 12:41:23]	Cannot open file 
[2016-01-13 12:41:23]	D:\Workplaces\MyEclipse\WordAnalysis\Data\KeyBlackList.pdat
[2016-01-13 12:41:23]	Failed Open file Failed Open file 
[2016-01-13 12:41:23]	Error read file
[2016-01-13 12:41:23]	test/Userdic.txt
[2016-01-13 12:42:54]	Cannot open file 
[2016-01-13 12:42:54]	D:\Workplaces\MyEclipse\WordAnalysis\Data\KeyBlackList.pdat
[2016-01-13 12:42:54]	Failed Open file Failed Open file 
[2016-01-13 12:42:54]	Error read file
[2016-01-13 12:42:54]	test/Userdic.txt
[2016-01-13 12:42:54]	Cannot open file 
[2016-01-13 12:42:54]	D:\Workplaces\MyEclipse\WordAnalysis\Data\KeyBlackList.pdat
[2016-01-13 12:42:54]	Failed Open file Failed Open file 
[2016-01-13 12:42:54]	Error read file
[2016-01-13 12:42:54]	test/Userdic.txt
[2016-01-13 12:42:54]	Cannot open file 
[2016-01-13 12:42:54]	D:\Workplaces\MyEclipse\WordAnalysis\Data\KeyBlackList.pdat
[2016-01-13 12:42:54]	Failed Open file Failed Open file 
[2016-01-13 12:42:54]	Error read file
[2016-01-13 12:42:54]	test/Userdic.txt
[2016-01-13 12:56:14]	Cannot open file 
[2016-01-13 12:56:14]	D:\Workplaces\MyEclipse\WordAnalysis\Data\KeyBlackList.pdat
[2016-01-13 12:56:14]	Failed Open file Failed Open file 
[2016-01-13 12:56:14]	Error read file
[2016-01-13 12:56:14]	test/Userdic.txt
[2016-01-13 12:56:15]	Cannot open file 
[2016-01-13 12:56:15]	D:\Workplaces\MyEclipse\WordAnalysis\Data\KeyBlackList.pdat
[2016-01-13 12:56:15]	Failed Open file Failed Open file 
[2016-01-13 12:56:15]	Error read file
[2016-01-13 12:56:15]	test/Userdic.txt
[2016-01-13 12:56:15]	Cannot open file 
[2016-01-13 12:56:15]	D:\Workplaces\MyEclipse\WordAnalysis\Data\KeyBlackList.pdat
[2016-01-13 12:56:15]	Failed Open file Failed Open file 
[2016-01-13 12:56:15]	Error read file
[2016-01-13 12:56:15]	test/Userdic.txt
[2016-01-13 12:57:14]	Cannot open file 
[2016-01-13 12:57:14]	D:\Workplaces\MyEclipse\WordAnalysis\Data\KeyBlackList.pdat
[2016-01-13 12:57:14]	Failed Open file Failed Open file 
[2016-01-13 12:57:14]	Error read file
[2016-01-13 12:57:14]	test/Userdic.txt
[2016-01-13 12:57:14]	Cannot open file 
[2016-01-13 12:57:14]	D:\Workplaces\MyEclipse\WordAnalysis\Data\KeyBlackList.pdat
[2016-01-13 12:57:14]	Failed Open file Failed Open file 
[2016-01-13 12:57:14]	Error read file
[2016-01-13 12:57:14]	test/Userdic.txt
[2016-01-13 12:57:14]	Cannot open file 
[2016-01-13 12:57:14]	D:\Workplaces\MyEclipse\WordAnalysis\Data\KeyBlackList.pdat
[2016-01-13 12:57:14]	Failed Open file Failed Open file 
[2016-01-13 12:57:14]	Error read file
[2016-01-13 12:57:14]	test/Userdic.txt
[2016-01-13 12:57:22]	Cannot open file 
[2016-01-13 12:57:22]	D:\Workplaces\MyEclipse\WordAnalysis\Data\KeyBlackList.pdat
[2016-01-13 12:57:22]	Failed Open file Failed Open file 
[2016-01-13 12:57:22]	Error read file
[2016-01-13 12:57:22]	test/Userdic.txt
[2016-01-13 12:57:22]	Cannot open file 
[2016-01-13 12:57:22]	D:\Workplaces\MyEclipse\WordAnalysis\Data\KeyBlackList.pdat
[2016-01-13 12:57:22]	Failed Open file Failed Open file 
[2016-01-13 12:57:22]	Error read file
[2016-01-13 12:57:22]	test/Userdic.txt
[2016-01-13 12:57:22]	Cannot open file 
[2016-01-13 12:57:22]	D:\Workplaces\MyEclipse\WordAnalysis\Data\KeyBlackList.pdat
[2016-01-13 12:57:22]	Failed Open file Failed Open file 
[2016-01-13 12:57:22]	Error read file
[2016-01-13 12:57:22]	test/Userdic.txt
[2016-01-13 12:57:26]	Cannot open file 
[2016-01-13 12:57:26]	D:\Workplaces\MyEclipse\WordAnalysis\Data\KeyBlackList.pdat
[2016-01-13 12:57:26]	Failed Open file Failed Open file 
[2016-01-13 12:57:26]	Error read file
[2016-01-13 12:57:26]	test/Userdic.txt
[2016-01-13 12:57:26]	Cannot open file 
[2016-01-13 12:57:26]	D:\Workplaces\MyEclipse\WordAnalysis\Data\KeyBlackList.pdat
[2016-01-13 12:57:26]	Failed Open file Failed Open file 
[2016-01-13 12:57:26]	Error read file
[2016-01-13 12:57:26]	test/Userdic.txt
[2016-01-13 12:57:26]	Cannot open file 
[2016-01-13 12:57:26]	D:\Workplaces\MyEclipse\WordAnalysis\Data\KeyBlackList.pdat
[2016-01-13 12:57:26]	Failed Open file Failed Open file 
[2016-01-13 12:57:26]	Error read file
[2016-01-13 12:57:26]	test/Userdic.txt
[2016-01-13 13:08:01]	Cannot open file 
[2016-01-13 13:08:01]	D:\Workplaces\MyEclipse\WordAnalysis\Data\KeyBlackList.pdat
[2016-01-13 13:08:01]	Failed Open file Failed Open file 
[2016-01-13 13:08:01]	Error read file
[2016-01-13 13:08:01]	test/Userdic.txt
[2016-01-13 13:08:01]	Cannot open file 
[2016-01-13 13:08:01]	D:\Workplaces\MyEclipse\WordAnalysis\Data\KeyBlackList.pdat
[2016-01-13 13:08:01]	Failed Open file Failed Open file 
[2016-01-13 13:08:01]	Error read file
[2016-01-13 13:08:01]	test/Userdic.txt
[2016-01-13 13:08:01]	Cannot open file 
[2016-01-13 13:08:01]	D:\Workplaces\MyEclipse\WordAnalysis\Data\KeyBlackList.pdat
[2016-01-13 13:08:01]	Failed Open file Failed Open file 
[2016-01-13 13:08:01]	Error read file
[2016-01-13 13:08:01]	test/Userdic.txt
[2016-01-13 13:25:49]	Cannot open file 
[2016-01-13 13:25:49]	D:\Workplaces\MyEclipse\WordAnalysis\Data\KeyBlackList.pdat
[2016-01-13 13:25:49]	Failed Open file Failed Open file 
[2016-01-13 13:25:49]	Error read file
[2016-01-13 13:25:49]	test/Userdic.txt
[2016-01-13 13:25:49]	Cannot open file 
[2016-01-13 13:25:49]	D:\Workplaces\MyEclipse\WordAnalysis\Data\KeyBlackList.pdat
[2016-01-13 13:25:49]	Failed Open file Failed Open file 
[2016-01-13 13:25:49]	Error read file
[2016-01-13 13:25:49]	test/Userdic.txt
[2016-01-13 13:25:49]	Cannot open file 
[2016-01-13 13:25:49]	D:\Workplaces\MyEclipse\WordAnalysis\Data\KeyBlackList.pdat
[2016-01-13 13:25:49]	Failed Open file Failed Open file 
[2016-01-13 13:25:49]	Error read file
[2016-01-13 13:25:49]	test/Userdic.txt
[2016-01-13 13:49:12]	Cannot open file 
[2016-01-13 13:49:12]	D:\Workplaces\MyEclipse\WordAnalysis\Data\KeyBlackList.pdat
[2016-01-13 13:49:12]	Failed Open file Failed Open file 
[2016-01-13 13:49:12]	Error read file
[2016-01-13 13:49:12]	test/Userdic.txt
[2016-01-13 13:49:12]	Cannot open file 
[2016-01-13 13:49:12]	D:\Workplaces\MyEclipse\WordAnalysis\Data\KeyBlackList.pdat
[2016-01-13 13:49:12]	Failed Open file Failed Open file 
[2016-01-13 13:49:12]	Error read file
[2016-01-13 13:49:12]	test/Userdic.txt
[2016-01-13 13:49:12]	Cannot open file 
[2016-01-13 13:49:12]	D:\Workplaces\MyEclipse\WordAnalysis\Data\KeyBlackList.pdat
[2016-01-13 13:49:12]	Failed Open file Failed Open file 
[2016-01-13 13:49:12]	Error read file
[2016-01-13 13:49:12]	test/Userdic.txt
[2016-01-13 13:57:22]	Cannot open file 
[2016-01-13 13:57:22]	D:\Workplaces\MyEclipse\WordAnalysis\Data\KeyBlackList.pdat
[2016-01-13 13:57:22]	Failed Open file Failed Open file 
[2016-01-13 13:57:22]	Error read file
[2016-01-13 13:57:22]	test/Userdic.txt
[2016-01-13 13:57:23]	Cannot open file 
[2016-01-13 13:57:23]	D:\Workplaces\MyEclipse\WordAnalysis\Data\KeyBlackList.pdat
[2016-01-13 13:57:23]	Failed Open file Failed Open file 
[2016-01-13 13:57:23]	Error read file
[2016-01-13 13:57:23]	test/Userdic.txt
[2016-01-13 13:57:23]	Cannot open file 
[2016-01-13 13:57:23]	D:\Workplaces\MyEclipse\WordAnalysis\Data\KeyBlackList.pdat
[2016-01-13 13:57:23]	Failed Open file Failed Open file 
[2016-01-13 13:57:23]	Error read file
[2016-01-13 13:57:23]	test/Userdic.txt
[2016-01-13 13:57:49]	Cannot open file 
[2016-01-13 13:57:49]	D:\Workplaces\MyEclipse\WordAnalysis\Data\KeyBlackList.pdat
[2016-01-13 13:57:49]	Failed Open file Failed Open file 
[2016-01-13 13:57:49]	Error read file
[2016-01-13 13:57:49]	test/Userdic.txt
[2016-01-13 13:57:49]	Cannot open file 
[2016-01-13 13:57:49]	D:\Workplaces\MyEclipse\WordAnalysis\Data\KeyBlackList.pdat
[2016-01-13 13:57:49]	Failed Open file Failed Open file 
[2016-01-13 13:57:49]	Error read file
[2016-01-13 13:57:49]	test/Userdic.txt
[2016-01-13 13:57:49]	Cannot open file 
[2016-01-13 13:57:49]	D:\Workplaces\MyEclipse\WordAnalysis\Data\KeyBlackList.pdat
[2016-01-13 13:57:49]	Failed Open file Failed Open file 
[2016-01-13 13:57:49]	Error read file
[2016-01-13 13:57:49]	test/Userdic.txt
[2016-01-13 13:59:56]	Cannot open file 
[2016-01-13 13:59:56]	D:\Workplaces\MyEclipse\WordAnalysis\Data\KeyBlackList.pdat
[2016-01-13 13:59:56]	Failed Open file Failed Open file 
[2016-01-13 13:59:56]	Error read file
[2016-01-13 13:59:56]	test/Userdic.txt
[2016-01-13 13:59:56]	Cannot open file 
[2016-01-13 13:59:56]	D:\Workplaces\MyEclipse\WordAnalysis\Data\KeyBlackList.pdat
[2016-01-13 13:59:56]	Failed Open file Failed Open file 
[2016-01-13 13:59:56]	Error read file
[2016-01-13 13:59:56]	test/Userdic.txt
[2016-01-13 13:59:56]	Cannot open file 
[2016-01-13 13:59:56]	D:\Workplaces\MyEclipse\WordAnalysis\Data\KeyBlackList.pdat
[2016-01-13 13:59:56]	Failed Open file Failed Open file 
[2016-01-13 13:59:56]	Error read file
[2016-01-13 13:59:56]	test/Userdic.txt
[2016-01-13 14:01:02]	Cannot open file 
[2016-01-13 14:01:02]	D:\Workplaces\MyEclipse\WordAnalysis\Data\KeyBlackList.pdat
[2016-01-13 14:01:02]	Failed Open file Failed Open file 
[2016-01-13 14:01:02]	Error read file
[2016-01-13 14:01:02]	test/Userdic.txt
[2016-01-13 14:01:02]	Cannot open file 
[2016-01-13 14:01:02]	D:\Workplaces\MyEclipse\WordAnalysis\Data\KeyBlackList.pdat
[2016-01-13 14:01:02]	Failed Open file Failed Open file 
[2016-01-13 14:01:02]	Error read file
[2016-01-13 14:01:02]	test/Userdic.txt
[2016-01-13 14:01:02]	Cannot open file 
[2016-01-13 14:01:02]	D:\Workplaces\MyEclipse\WordAnalysis\Data\KeyBlackList.pdat
[2016-01-13 14:01:02]	Failed Open file Failed Open file 
[2016-01-13 14:01:02]	Error read file
[2016-01-13 14:01:02]	test/Userdic.txt
[2016-01-13 14:01:43]	Cannot open file 
[2016-01-13 14:01:43]	D:\Workplaces\MyEclipse\WordAnalysis\Data\KeyBlackList.pdat
[2016-01-13 14:01:43]	Failed Open file Failed Open file 
[2016-01-13 14:01:43]	Error read file
[2016-01-13 14:01:43]	test/Userdic.txt
[2016-01-13 14:01:43]	Cannot open file 
[2016-01-13 14:01:43]	D:\Workplaces\MyEclipse\WordAnalysis\Data\KeyBlackList.pdat
[2016-01-13 14:01:43]	Failed Open file Failed Open file 
[2016-01-13 14:01:43]	Error read file
[2016-01-13 14:01:43]	test/Userdic.txt
[2016-01-13 14:01:43]	Cannot open file 
[2016-01-13 14:01:43]	D:\Workplaces\MyEclipse\WordAnalysis\Data\KeyBlackList.pdat
[2016-01-13 14:01:43]	Failed Open file Failed Open file 
[2016-01-13 14:01:43]	Error read file
[2016-01-13 14:01:43]	test/Userdic.txt
[2016-01-13 14:09:41]	Cannot open file 
[2016-01-13 14:09:41]	D:\Workplaces\MyEclipse\WordAnalysis\Data\KeyBlackList.pdat
[2016-01-13 14:09:41]	Failed Open file Failed Open file 
[2016-01-13 14:09:41]	Error read file
[2016-01-13 14:09:41]	test/Userdic.txt
[2016-01-13 14:09:41]	Cannot open file 
[2016-01-13 14:09:41]	D:\Workplaces\MyEclipse\WordAnalysis\Data\KeyBlackList.pdat
[2016-01-13 14:09:41]	Failed Open file Failed Open file 
[2016-01-13 14:09:41]	Error read file
[2016-01-13 14:09:41]	test/Userdic.txt
[2016-01-13 14:09:41]	Cannot open file 
[2016-01-13 14:09:41]	D:\Workplaces\MyEclipse\WordAnalysis\Data\KeyBlackList.pdat
[2016-01-13 14:09:41]	Failed Open file Failed Open file 
[2016-01-13 14:09:41]	Error read file
[2016-01-13 14:09:41]	test/Userdic.txt
[2016-01-13 14:10:44]	Cannot open file 
[2016-01-13 14:10:44]	D:\Workplaces\MyEclipse\WordAnalysis\Data\KeyBlackList.pdat
[2016-01-13 14:10:44]	Failed Open file Failed Open file 
[2016-01-13 14:10:44]	Error read file
[2016-01-13 14:10:44]	test/Userdic.txt
[2016-01-13 14:10:44]	Cannot open file 
[2016-01-13 14:10:44]	D:\Workplaces\MyEclipse\WordAnalysis\Data\KeyBlackList.pdat
[2016-01-13 14:10:44]	Failed Open file Failed Open file 
[2016-01-13 14:10:44]	Error read file
[2016-01-13 14:10:44]	test/Userdic.txt
[2016-01-13 14:10:44]	Cannot open file 
[2016-01-13 14:10:44]	D:\Workplaces\MyEclipse\WordAnalysis\Data\KeyBlackList.pdat
[2016-01-13 14:10:44]	Failed Open file Failed Open file 
[2016-01-13 14:10:44]	Error read file
[2016-01-13 14:10:44]	test/Userdic.txt
[2016-01-13 14:11:12]	Cannot open file 
[2016-01-13 14:11:12]	D:\Workplaces\MyEclipse\WordAnalysis\Data\KeyBlackList.pdat
[2016-01-13 14:11:12]	Failed Open file Failed Open file 
[2016-01-13 14:11:12]	Error read file
[2016-01-13 14:11:12]	test/Userdic.txt
[2016-01-13 14:11:12]	Cannot open file 
[2016-01-13 14:11:12]	D:\Workplaces\MyEclipse\WordAnalysis\Data\KeyBlackList.pdat
[2016-01-13 14:11:12]	Failed Open file Failed Open file 
[2016-01-13 14:11:12]	Error read file
[2016-01-13 14:11:12]	test/Userdic.txt
[2016-01-13 14:11:12]	Cannot open file 
[2016-01-13 14:11:12]	D:\Workplaces\MyEclipse\WordAnalysis\Data\KeyBlackList.pdat
[2016-01-13 14:11:12]	Failed Open file Failed Open file 
[2016-01-13 14:11:12]	Error read file
[2016-01-13 14:11:12]	test/Userdic.txt
[2016-01-13 14:11:25]	Cannot open file 
[2016-01-13 14:11:25]	D:\Workplaces\MyEclipse\WordAnalysis\Data\KeyBlackList.pdat
[2016-01-13 14:11:25]	Failed Open file Failed Open file 
[2016-01-13 14:11:25]	Error read file
[2016-01-13 14:11:25]	test/Userdic.txt
[2016-01-13 14:11:25]	Cannot open file 
[2016-01-13 14:11:25]	D:\Workplaces\MyEclipse\WordAnalysis\Data\KeyBlackList.pdat
[2016-01-13 14:11:25]	Failed Open file Failed Open file 
[2016-01-13 14:11:25]	Error read file
[2016-01-13 14:11:25]	test/Userdic.txt
[2016-01-13 14:11:25]	Cannot open file 
[2016-01-13 14:11:25]	D:\Workplaces\MyEclipse\WordAnalysis\Data\KeyBlackList.pdat
[2016-01-13 14:11:25]	Failed Open file Failed Open file 
[2016-01-13 14:11:25]	Error read file
[2016-01-13 14:11:25]	test/Userdic.txt
[2016-01-13 14:16:00]	Cannot open file 
[2016-01-13 14:16:00]	D:\Workplaces\MyEclipse\WordAnalysis\Data\KeyBlackList.pdat
[2016-01-13 14:16:00]	Failed Open file Failed Open file 
[2016-01-13 14:16:00]	Error read file
[2016-01-13 14:16:00]	test/Userdic.txt
[2016-01-13 14:16:00]	Cannot open file 
[2016-01-13 14:16:00]	D:\Workplaces\MyEclipse\WordAnalysis\Data\KeyBlackList.pdat
[2016-01-13 14:16:00]	Failed Open file Failed Open file 
[2016-01-13 14:16:00]	Error read file
[2016-01-13 14:16:00]	test/Userdic.txt
[2016-01-13 14:16:00]	Cannot open file 
[2016-01-13 14:16:00]	D:\Workplaces\MyEclipse\WordAnalysis\Data\KeyBlackList.pdat
[2016-01-13 14:16:00]	Failed Open file Failed Open file 
[2016-01-13 14:16:00]	Error read file
[2016-01-13 14:16:00]	test/Userdic.txt
[2016-01-13 14:18:58]	Cannot open file 
[2016-01-13 14:18:58]	D:\Workplaces\MyEclipse\WordAnalysis\Data\KeyBlackList.pdat
[2016-01-13 14:18:58]	Failed Open file Failed Open file 
[2016-01-13 14:18:58]	Error read file
[2016-01-13 14:18:58]	test/Userdic.txt
[2016-01-13 14:18:58]	Cannot open file 
[2016-01-13 14:18:58]	D:\Workplaces\MyEclipse\WordAnalysis\Data\KeyBlackList.pdat
[2016-01-13 14:18:58]	Failed Open file Failed Open file 
[2016-01-13 14:18:58]	Error read file
[2016-01-13 14:18:58]	test/Userdic.txt
[2016-01-13 14:18:58]	Cannot open file 
[2016-01-13 14:18:58]	D:\Workplaces\MyEclipse\WordAnalysis\Data\KeyBlackList.pdat
[2016-01-13 14:18:58]	Failed Open file Failed Open file 
[2016-01-13 14:18:58]	Error read file
[2016-01-13 14:18:58]	test/Userdic.txt
[2016-01-13 14:20:36]	Cannot open file 
[2016-01-13 14:20:36]	D:\Workplaces\MyEclipse\WordAnalysis\Data\KeyBlackList.pdat
[2016-01-13 14:20:36]	Failed Open file Failed Open file 
[2016-01-13 14:20:36]	Error read file
[2016-01-13 14:20:36]	test/Userdic.txt
[2016-01-13 14:20:36]	Cannot open file 
[2016-01-13 14:20:36]	D:\Workplaces\MyEclipse\WordAnalysis\Data\KeyBlackList.pdat
[2016-01-13 14:20:36]	Failed Open file Failed Open file 
[2016-01-13 14:20:36]	Error read file
[2016-01-13 14:20:36]	test/Userdic.txt
[2016-01-13 14:20:36]	Cannot open file 
[2016-01-13 14:20:36]	D:\Workplaces\MyEclipse\WordAnalysis\Data\KeyBlackList.pdat
[2016-01-13 14:20:36]	Failed Open file Failed Open file 
[2016-01-13 14:20:36]	Error read file
[2016-01-13 14:20:36]	test/Userdic.txt
[2016-01-13 14:24:33]	Cannot open file 
[2016-01-13 14:24:33]	D:\Workplaces\MyEclipse\WordAnalysis\Data\KeyBlackList.pdat
[2016-01-13 14:24:33]	Failed Open file Failed Open file 
[2016-01-13 14:24:33]	Error read file
[2016-01-13 14:24:33]	test/Userdic.txt
[2016-01-13 14:24:33]	Cannot open file 
[2016-01-13 14:24:33]	D:\Workplaces\MyEclipse\WordAnalysis\Data\KeyBlackList.pdat
[2016-01-13 14:24:33]	Failed Open file Failed Open file 
[2016-01-13 14:24:33]	Error read file
[2016-01-13 14:24:33]	test/Userdic.txt
[2016-01-13 14:24:33]	Cannot open file 
[2016-01-13 14:24:33]	D:\Workplaces\MyEclipse\WordAnalysis\Data\KeyBlackList.pdat
[2016-01-13 14:24:33]	Failed Open file Failed Open file 
[2016-01-13 14:24:33]	Error read file
[2016-01-13 14:24:33]	test/Userdic.txt
[2016-01-13 14:27:05]	Cannot open file 
[2016-01-13 14:27:05]	D:\Workplaces\MyEclipse\WordAnalysis\Data\KeyBlackList.pdat
[2016-01-13 14:27:05]	Failed Open file Failed Open file 
[2016-01-13 14:27:05]	Error read file
[2016-01-13 14:27:05]	test/Userdic.txt
[2016-01-13 14:27:05]	Cannot open file 
[2016-01-13 14:27:05]	D:\Workplaces\MyEclipse\WordAnalysis\Data\KeyBlackList.pdat
[2016-01-13 14:27:05]	Failed Open file Failed Open file 
[2016-01-13 14:27:05]	Error read file
[2016-01-13 14:27:05]	test/Userdic.txt
[2016-01-13 14:27:05]	Cannot open file 
[2016-01-13 14:27:05]	D:\Workplaces\MyEclipse\WordAnalysis\Data\KeyBlackList.pdat
[2016-01-13 14:27:05]	Failed Open file Failed Open file 
[2016-01-13 14:27:05]	Error read file
[2016-01-13 14:27:05]	test/Userdic.txt
[2016-01-13 14:28:16]	Cannot open file 
[2016-01-13 14:28:16]	D:\Workplaces\MyEclipse\WordAnalysis\Data\KeyBlackList.pdat
[2016-01-13 14:28:16]	Failed Open file Failed Open file 
[2016-01-13 14:28:16]	Error read file
[2016-01-13 14:28:16]	test/Userdic.txt
[2016-01-13 14:28:16]	Cannot open file 
[2016-01-13 14:28:16]	D:\Workplaces\MyEclipse\WordAnalysis\Data\KeyBlackList.pdat
[2016-01-13 14:28:16]	Failed Open file Failed Open file 
[2016-01-13 14:28:16]	Error read file
[2016-01-13 14:28:16]	test/Userdic.txt
[2016-01-13 14:28:16]	Cannot open file 
[2016-01-13 14:28:16]	D:\Workplaces\MyEclipse\WordAnalysis\Data\KeyBlackList.pdat
[2016-01-13 14:28:16]	Failed Open file Failed Open file 
[2016-01-13 14:28:16]	Error read file
[2016-01-13 14:28:16]	test/Userdic.txt
[2016-01-13 14:31:20]	Cannot open file 
[2016-01-13 14:31:20]	D:\Workplaces\MyEclipse\WordAnalysis\Data\KeyBlackList.pdat
[2016-01-13 14:31:20]	Failed Open file Failed Open file 
[2016-01-13 14:31:20]	Error read file
[2016-01-13 14:31:20]	test/Userdic.txt
[2016-01-13 14:31:20]	Cannot open file 
[2016-01-13 14:31:20]	D:\Workplaces\MyEclipse\WordAnalysis\Data\KeyBlackList.pdat
[2016-01-13 14:31:20]	Failed Open file Failed Open file 
[2016-01-13 14:31:20]	Error read file
[2016-01-13 14:31:20]	test/Userdic.txt
[2016-01-13 14:31:20]	Cannot open file 
[2016-01-13 14:31:20]	D:\Workplaces\MyEclipse\WordAnalysis\Data\KeyBlackList.pdat
[2016-01-13 14:31:20]	Failed Open file Failed Open file 
[2016-01-13 14:31:20]	Error read file
[2016-01-13 14:31:20]	test/Userdic.txt
[2016-01-13 14:32:16]	Cannot open file 
[2016-01-13 14:32:16]	D:\Workplaces\MyEclipse\WordAnalysis\Data\KeyBlackList.pdat
[2016-01-13 14:32:16]	Failed Open file Failed Open file 
[2016-01-13 14:32:16]	Error read file
[2016-01-13 14:32:16]	test/Userdic.txt
[2016-01-13 14:32:16]	Cannot open file 
[2016-01-13 14:32:16]	D:\Workplaces\MyEclipse\WordAnalysis\Data\KeyBlackList.pdat
[2016-01-13 14:32:16]	Failed Open file Failed Open file 
[2016-01-13 14:32:16]	Error read file
[2016-01-13 14:32:16]	test/Userdic.txt
[2016-01-13 14:32:16]	Cannot open file 
[2016-01-13 14:32:16]	D:\Workplaces\MyEclipse\WordAnalysis\Data\KeyBlackList.pdat
[2016-01-13 14:32:16]	Failed Open file Failed Open file 
[2016-01-13 14:32:16]	Error read file
[2016-01-13 14:32:16]	test/Userdic.txt
[2016-01-13 14:33:14]	Cannot open file 
[2016-01-13 14:33:14]	D:\Workplaces\MyEclipse\WordAnalysis\Data\KeyBlackList.pdat
[2016-01-13 14:33:14]	Failed Open file Failed Open file 
[2016-01-13 14:33:14]	Error read file
[2016-01-13 14:33:14]	test/Userdic.txt
[2016-01-13 14:33:14]	Cannot open file 
[2016-01-13 14:33:14]	D:\Workplaces\MyEclipse\WordAnalysis\Data\KeyBlackList.pdat
[2016-01-13 14:33:14]	Failed Open file Failed Open file 
[2016-01-13 14:33:14]	Error read file
[2016-01-13 14:33:14]	test/Userdic.txt
[2016-01-13 14:33:14]	Cannot open file 
[2016-01-13 14:33:14]	D:\Workplaces\MyEclipse\WordAnalysis\Data\KeyBlackList.pdat
[2016-01-13 14:33:14]	Failed Open file Failed Open file 
[2016-01-13 14:33:14]	Error read file
[2016-01-13 14:33:14]	test/Userdic.txt
[2016-01-13 14:37:01]	Cannot open file 
[2016-01-13 14:37:01]	D:\Workplaces\MyEclipse\WordAnalysis\Data\KeyBlackList.pdat
[2016-01-13 14:37:01]	Failed Open file Failed Open file 
[2016-01-13 14:37:01]	Error read file
[2016-01-13 14:37:01]	test/Userdic.txt
[2016-01-13 14:37:01]	Cannot open file 
[2016-01-13 14:37:01]	D:\Workplaces\MyEclipse\WordAnalysis\Data\KeyBlackList.pdat
[2016-01-13 14:37:01]	Failed Open file Failed Open file 
[2016-01-13 14:37:01]	Error read file
[2016-01-13 14:37:01]	test/Userdic.txt
[2016-01-13 14:37:01]	Cannot open file 
[2016-01-13 14:37:01]	D:\Workplaces\MyEclipse\WordAnalysis\Data\KeyBlackList.pdat
[2016-01-13 14:37:01]	Failed Open file Failed Open file 
[2016-01-13 14:37:01]	Error read file
[2016-01-13 14:37:01]	test/Userdic.txt
[2016-01-13 14:37:24]	Cannot open file 
[2016-01-13 14:37:24]	D:\Workplaces\MyEclipse\WordAnalysis\Data\KeyBlackList.pdat
[2016-01-13 14:37:24]	Failed Open file Failed Open file 
[2016-01-13 14:37:24]	Error read file
[2016-01-13 14:37:24]	test/Userdic.txt
[2016-01-13 14:37:24]	Cannot open file 
[2016-01-13 14:37:24]	D:\Workplaces\MyEclipse\WordAnalysis\Data\KeyBlackList.pdat
[2016-01-13 14:37:24]	Failed Open file Failed Open file 
[2016-01-13 14:37:24]	Error read file
[2016-01-13 14:37:24]	test/Userdic.txt
[2016-01-13 14:37:24]	Cannot open file 
[2016-01-13 14:37:24]	D:\Workplaces\MyEclipse\WordAnalysis\Data\KeyBlackList.pdat
[2016-01-13 14:37:24]	Failed Open file Failed Open file 
[2016-01-13 14:37:24]	Error read file
[2016-01-13 14:37:24]	test/Userdic.txt
[2016-01-13 14:38:07]	Cannot open file 
[2016-01-13 14:38:07]	D:\Workplaces\MyEclipse\WordAnalysis\Data\KeyBlackList.pdat
[2016-01-13 14:38:07]	Failed Open file Failed Open file 
[2016-01-13 14:38:07]	Error read file
[2016-01-13 14:38:07]	test/Userdic.txt
[2016-01-13 14:38:07]	Cannot open file 
[2016-01-13 14:38:07]	D:\Workplaces\MyEclipse\WordAnalysis\Data\KeyBlackList.pdat
[2016-01-13 14:38:07]	Failed Open file Failed Open file 
[2016-01-13 14:38:07]	Error read file
[2016-01-13 14:38:07]	test/Userdic.txt
[2016-01-13 14:38:07]	Cannot open file 
[2016-01-13 14:38:07]	D:\Workplaces\MyEclipse\WordAnalysis\Data\KeyBlackList.pdat
[2016-01-13 14:38:07]	Failed Open file Failed Open file 
[2016-01-13 14:38:07]	Error read file
[2016-01-13 14:38:07]	test/Userdic.txt
[2016-01-13 14:40:37]	Cannot open file 
[2016-01-13 14:40:37]	D:\Workplaces\MyEclipse\WordAnalysis\Data\KeyBlackList.pdat
[2016-01-13 14:40:37]	Failed Open file Failed Open file 
[2016-01-13 14:40:37]	Error read file
[2016-01-13 14:40:37]	test/Userdic.txt
[2016-01-13 14:40:37]	Cannot open file 
[2016-01-13 14:40:37]	D:\Workplaces\MyEclipse\WordAnalysis\Data\KeyBlackList.pdat
[2016-01-13 14:40:37]	Failed Open file Failed Open file 
[2016-01-13 14:40:37]	Error read file
[2016-01-13 14:40:37]	test/Userdic.txt
[2016-01-13 14:40:37]	Cannot open file 
[2016-01-13 14:40:37]	D:\Workplaces\MyEclipse\WordAnalysis\Data\KeyBlackList.pdat
[2016-01-13 14:40:37]	Failed Open file Failed Open file 
[2016-01-13 14:40:37]	Error read file
[2016-01-13 14:40:37]	test/Userdic.txt
[2016-01-13 14:52:57]	Cannot open file 
[2016-01-13 14:52:57]	D:\Workplaces\MyEclipse\WordAnalysis\Data\KeyBlackList.pdat
[2016-01-13 14:53:36]	Cannot open file 
[2016-01-13 14:53:36]	D:\Workplaces\MyEclipse\WordAnalysis\Data\KeyBlackList.pdat
[2016-01-13 14:53:51]	Cannot open file 
[2016-01-13 14:53:51]	D:\Workplaces\MyEclipse\WordAnalysis\Data\KeyBlackList.pdat
[2016-01-13 14:54:18]	Cannot open file 
[2016-01-13 14:54:18]	D:\Workplaces\MyEclipse\WordAnalysis\Data\KeyBlackList.pdat
[2016-01-13 14:54:18]	Failed Open file Failed Open file 
[2016-01-13 14:54:18]	Error read file
[2016-01-13 14:54:18]	test/Userdic.txt
[2016-01-13 14:54:18]	Cannot open file 
[2016-01-13 14:54:18]	D:\Workplaces\MyEclipse\WordAnalysis\Data\KeyBlackList.pdat
[2016-01-13 14:54:18]	Failed Open file Failed Open file 
[2016-01-13 14:54:18]	Error read file
[2016-01-13 14:54:18]	test/Userdic.txt
[2016-01-13 14:54:18]	Cannot open file 
[2016-01-13 14:54:18]	D:\Workplaces\MyEclipse\WordAnalysis\Data\KeyBlackList.pdat
[2016-01-13 14:54:18]	Failed Open file Failed Open file 
[2016-01-13 14:54:18]	Error read file
[2016-01-13 14:54:18]	test/Userdic.txt
[2016-01-13 14:54:18]	Cannot open file 
[2016-01-13 14:54:18]	D:\Workplaces\MyEclipse\WordAnalysis\Data\KeyBlackList.pdat
[2016-01-13 14:54:18]	Failed Open file Failed Open file 
[2016-01-13 14:54:18]	Error read file
[2016-01-13 14:54:18]	test/Userdic.txt
[2016-01-13 14:54:18]	Cannot open file 
[2016-01-13 14:54:18]	D:\Workplaces\MyEclipse\WordAnalysis\Data\KeyBlackList.pdat
[2016-01-13 14:54:18]	Failed Open file Failed Open file 
[2016-01-13 14:54:18]	Error read file
[2016-01-13 14:54:18]	test/Userdic.txt
[2016-01-13 14:55:21]	Cannot open file 
[2016-01-13 14:55:21]	D:\Workplaces\MyEclipse\WordAnalysis\Data\KeyBlackList.pdat
[2016-01-13 14:59:34]	Cannot open file 
[2016-01-13 14:59:34]	D:\Workplaces\MyEclipse\WordAnalysis\Data\KeyBlackList.pdat
[2016-01-13 14:59:34]	Cannot open file 
[2016-01-13 14:59:34]	D:\Workplaces\MyEclipse\WordAnalysis\Data\KeyBlackList.pdat
[2016-01-13 14:59:34]	Cannot open file 
[2016-01-13 14:59:34]	D:\Workplaces\MyEclipse\WordAnalysis\Data\KeyBlackList.pdat
[2016-01-13 14:59:34]	Failed Open file Failed Open file 
[2016-01-13 14:59:34]	Error read file
[2016-01-13 14:59:34]	test/Userdic.txt
[2016-01-13 14:59:34]	Cannot open file 
[2016-01-13 14:59:34]	D:\Workplaces\MyEclipse\WordAnalysis\Data\KeyBlackList.pdat
[2016-01-13 14:59:34]	Failed Open file Failed Open file 
[2016-01-13 14:59:34]	Error read file
[2016-01-13 14:59:34]	test/Userdic.txt
[2016-01-13 14:59:34]	Cannot open file 
[2016-01-13 14:59:34]	D:\Workplaces\MyEclipse\WordAnalysis\Data\KeyBlackList.pdat
[2016-01-13 14:59:34]	Failed Open file Failed Open file 
[2016-01-13 14:59:34]	Error read file
[2016-01-13 14:59:34]	test/Userdic.txt
[2016-01-13 14:59:50]	Cannot open file 
[2016-01-13 14:59:50]	D:\Workplaces\MyEclipse\WordAnalysis\Data\KeyBlackList.pdat
[2016-01-13 14:59:50]	Cannot open file 
[2016-01-13 14:59:50]	D:\Workplaces\MyEclipse\WordAnalysis\Data\KeyBlackList.pdat
[2016-01-13 14:59:50]	Cannot open file 
[2016-01-13 14:59:50]	D:\Workplaces\MyEclipse\WordAnalysis\Data\KeyBlackList.pdat
[2016-01-13 14:59:50]	Failed Open file Failed Open file 
[2016-01-13 14:59:50]	Error read file
[2016-01-13 14:59:50]	test/Userdic.txt
[2016-01-13 14:59:50]	Cannot open file 
[2016-01-13 14:59:50]	D:\Workplaces\MyEclipse\WordAnalysis\Data\KeyBlackList.pdat
[2016-01-13 14:59:50]	Failed Open file Failed Open file 
[2016-01-13 14:59:50]	Error read file
[2016-01-13 14:59:50]	test/Userdic.txt
[2016-01-13 14:59:50]	Cannot open file 
[2016-01-13 14:59:50]	D:\Workplaces\MyEclipse\WordAnalysis\Data\KeyBlackList.pdat
[2016-01-13 14:59:50]	Failed Open file Failed Open file 
[2016-01-13 14:59:50]	Error read file
[2016-01-13 14:59:50]	test/Userdic.txt
[2016-01-13 15:00:00]	Cannot open file 
[2016-01-13 15:00:00]	D:\Workplaces\MyEclipse\WordAnalysis\Data\KeyBlackList.pdat
[2016-01-13 15:00:00]	Cannot open file 
[2016-01-13 15:00:00]	D:\Workplaces\MyEclipse\WordAnalysis\Data\KeyBlackList.pdat
[2016-01-13 15:00:00]	Cannot open file 
[2016-01-13 15:00:00]	D:\Workplaces\MyEclipse\WordAnalysis\Data\KeyBlackList.pdat
[2016-01-13 15:00:00]	Failed Open file Failed Open file 
[2016-01-13 15:00:00]	Error read file
[2016-01-13 15:00:00]	test/Userdic.txt
[2016-01-13 15:00:00]	Cannot open file 
[2016-01-13 15:00:00]	D:\Workplaces\MyEclipse\WordAnalysis\Data\KeyBlackList.pdat
[2016-01-13 15:00:00]	Failed Open file Failed Open file 
[2016-01-13 15:00:00]	Error read file
[2016-01-13 15:00:00]	test/Userdic.txt
[2016-01-13 15:00:00]	Cannot open file 
[2016-01-13 15:00:00]	D:\Workplaces\MyEclipse\WordAnalysis\Data\KeyBlackList.pdat
[2016-01-13 15:00:00]	Failed Open file Failed Open file 
[2016-01-13 15:00:00]	Error read file
[2016-01-13 15:00:00]	test/Userdic.txt
[2016-01-13 15:00:10]	Cannot open file 
[2016-01-13 15:00:10]	D:\Workplaces\MyEclipse\WordAnalysis\Data\KeyBlackList.pdat
[2016-01-13 15:00:10]	Cannot open file 
[2016-01-13 15:00:10]	D:\Workplaces\MyEclipse\WordAnalysis\Data\KeyBlackList.pdat
[2016-01-13 15:00:10]	Cannot open file 
[2016-01-13 15:00:10]	D:\Workplaces\MyEclipse\WordAnalysis\Data\KeyBlackList.pdat
[2016-01-13 15:00:10]	Failed Open file Failed Open file 
[2016-01-13 15:00:10]	Error read file
[2016-01-13 15:00:10]	test/Userdic.txt
[2016-01-13 15:00:10]	Cannot open file 
[2016-01-13 15:00:10]	D:\Workplaces\MyEclipse\WordAnalysis\Data\KeyBlackList.pdat
[2016-01-13 15:00:10]	Failed Open file Failed Open file 
[2016-01-13 15:00:10]	Error read file
[2016-01-13 15:00:10]	test/Userdic.txt
[2016-01-13 15:00:10]	Cannot open file 
[2016-01-13 15:00:10]	D:\Workplaces\MyEclipse\WordAnalysis\Data\KeyBlackList.pdat
[2016-01-13 15:00:10]	Failed Open file Failed Open file 
[2016-01-13 15:00:10]	Error read file
[2016-01-13 15:00:10]	test/Userdic.txt
[2016-01-13 15:00:52]	Cannot open file 
[2016-01-13 15:00:52]	D:\Workplaces\MyEclipse\WordAnalysis\Data\KeyBlackList.pdat
[2016-01-13 15:01:09]	Cannot open file 
[2016-01-13 15:01:09]	D:\Workplaces\MyEclipse\WordAnalysis\Data\KeyBlackList.pdat
[2016-01-13 15:01:27]	Cannot open file 
[2016-01-13 15:01:27]	D:\Workplaces\MyEclipse\WordAnalysis\Data\KeyBlackList.pdat
[2016-01-13 15:01:27]	Failed Open file Failed Open file 
[2016-01-13 15:01:27]	Error read file
[2016-01-13 15:01:27]	test/Userdic.txt
[2016-01-13 15:01:27]	Cannot open file 
[2016-01-13 15:01:27]	D:\Workplaces\MyEclipse\WordAnalysis\Data\KeyBlackList.pdat
[2016-01-13 15:01:27]	Failed Open file Failed Open file 
[2016-01-13 15:01:27]	Error read file
[2016-01-13 15:01:27]	test/Userdic.txt
[2016-01-13 15:01:27]	Cannot open file 
[2016-01-13 15:01:27]	D:\Workplaces\MyEclipse\WordAnalysis\Data\KeyBlackList.pdat
[2016-01-13 15:01:28]	Failed Open file Failed Open file 
[2016-01-13 15:01:28]	Error read file
[2016-01-13 15:01:28]	test/Userdic.txt
[2016-01-13 15:02:32]	Cannot open file 
[2016-01-13 15:02:32]	D:\Workplaces\MyEclipse\WordAnalysis\Data\KeyBlackList.pdat
[2016-01-13 15:02:50]	Cannot open file 
[2016-01-13 15:02:50]	D:\Workplaces\MyEclipse\WordAnalysis\Data\KeyBlackList.pdat
[2016-01-13 15:03:07]	Cannot open file 
[2016-01-13 15:03:07]	D:\Workplaces\MyEclipse\WordAnalysis\Data\KeyBlackList.pdat
[2016-01-13 15:03:07]	Failed Open file Failed Open file 
[2016-01-13 15:03:07]	Error read file
[2016-01-13 15:03:07]	test/Userdic.txt
[2016-01-13 15:03:07]	Cannot open file 
[2016-01-13 15:03:07]	D:\Workplaces\MyEclipse\WordAnalysis\Data\KeyBlackList.pdat
[2016-01-13 15:03:07]	Failed Open file Failed Open file 
[2016-01-13 15:03:07]	Error read file
[2016-01-13 15:03:07]	test/Userdic.txt
[2016-01-13 15:03:07]	Cannot open file 
[2016-01-13 15:03:07]	D:\Workplaces\MyEclipse\WordAnalysis\Data\KeyBlackList.pdat
[2016-01-13 15:03:07]	Failed Open file Failed Open file 
[2016-01-13 15:03:07]	Error read file
[2016-01-13 15:03:07]	test/Userdic.txt
[2016-01-13 15:05:35]	Cannot open file 
[2016-01-13 15:05:35]	D:\Workplaces\MyEclipse\WordAnalysis\Data\KeyBlackList.pdat
[2016-01-13 15:05:53]	Cannot open file 
[2016-01-13 15:05:53]	D:\Workplaces\MyEclipse\WordAnalysis\Data\KeyBlackList.pdat
[2016-01-13 15:06:10]	Cannot open file 
[2016-01-13 15:06:10]	D:\Workplaces\MyEclipse\WordAnalysis\Data\KeyBlackList.pdat
[2016-01-13 15:14:47]	Cannot open file 
[2016-01-13 15:14:47]	D:\Workplaces\MyEclipse\WordAnalysis\Data\KeyBlackList.pdat
[2016-01-13 15:14:47]	Cannot open file 
[2016-01-13 15:14:47]	D:\Workplaces\MyEclipse\WordAnalysis\Data\KeyBlackList.pdat
[2016-01-13 15:14:47]	Cannot open file 
[2016-01-13 15:14:47]	D:\Workplaces\MyEclipse\WordAnalysis\Data\KeyBlackList.pdat
[2016-01-13 15:15:50]	Cannot open file 
[2016-01-13 15:15:50]	D:\Workplaces\MyEclipse\WordAnalysis\Data\KeyBlackList.pdat
[2016-01-13 15:15:50]	Cannot open file 
[2016-01-13 15:15:50]	D:\Workplaces\MyEclipse\WordAnalysis\Data\KeyBlackList.pdat
[2016-01-13 15:15:50]	Cannot open file 
[2016-01-13 15:15:50]	D:\Workplaces\MyEclipse\WordAnalysis\Data\KeyBlackList.pdat
[2016-01-13 15:16:31]	Cannot open file 
[2016-01-13 15:16:31]	D:\Workplaces\MyEclipse\WordAnalysis\Data\KeyBlackList.pdat
[2016-01-13 15:16:31]	Cannot open file 
[2016-01-13 15:16:31]	D:\Workplaces\MyEclipse\WordAnalysis\Data\KeyBlackList.pdat
[2016-01-13 15:16:31]	Cannot open file 
[2016-01-13 15:16:31]	D:\Workplaces\MyEclipse\WordAnalysis\Data\KeyBlackList.pdat
[2016-01-13 15:16:31]	Failed Open file ëç

[2016-01-13 15:16:31]	Error read file
[2016-01-13 15:16:31]	userDict
[2016-01-13 15:16:31]	Cannot open file 
[2016-01-13 15:16:31]	D:\Workplaces\MyEclipse\WordAnalysis\Data\KeyBlackList.pdat
[2016-01-13 15:16:31]	Cannot open file 
[2016-01-13 15:16:31]	D:\Workplaces\MyEclipse\WordAnalysis\Data\KeyBlackList.pdat
[2016-01-13 15:16:56]	Cannot open file 
[2016-01-13 15:16:56]	D:\Workplaces\MyEclipse\WordAnalysis\Data\KeyBlackList.pdat
[2016-01-13 15:16:56]	Cannot open file 
[2016-01-13 15:16:56]	D:\Workplaces\MyEclipse\WordAnalysis\Data\KeyBlackList.pdat
[2016-01-13 15:16:56]	Cannot open file 
[2016-01-13 15:16:56]	D:\Workplaces\MyEclipse\WordAnalysis\Data\KeyBlackList.pdat
[2016-01-13 15:18:04]	Cannot open file 
[2016-01-13 15:18:04]	D:\Workplaces\MyEclipse\WordAnalysis\Data\KeyBlackList.pdat
[2016-01-13 15:18:04]	Cannot open file 
[2016-01-13 15:18:04]	D:\Workplaces\MyEclipse\WordAnalysis\Data\KeyBlackList.pdat
[2016-01-13 15:18:04]	Cannot open file 
[2016-01-13 15:18:04]	D:\Workplaces\MyEclipse\WordAnalysis\Data\KeyBlackList.pdat
[2016-01-13 15:32:21]	Cannot open file 
[2016-01-13 15:32:21]	D:\Workplaces\MyEclipse\WordAnalysis\Data\KeyBlackList.pdat
[2016-01-13 15:32:21]	Cannot open file 
[2016-01-13 15:32:21]	D:\Workplaces\MyEclipse\WordAnalysis\Data\KeyBlackList.pdat
[2016-01-13 15:32:21]	Cannot open file 
[2016-01-13 15:32:21]	D:\Workplaces\MyEclipse\WordAnalysis\Data\KeyBlackList.pdat
[2016-01-13 15:32:22]	Cannot open file 
[2016-01-13 15:32:22]	D:\Workplaces\MyEclipse\WordAnalysis\Data\KeyBlackList.pdat
[2016-01-13 15:34:53]	Cannot open file 
[2016-01-13 15:34:53]	D:\Workplaces\MyEclipse\WordAnalysis\Data\KeyBlackList.pdat
[2016-01-13 15:34:53]	Cannot open file 
[2016-01-13 15:34:53]	D:\Workplaces\MyEclipse\WordAnalysis\Data\KeyBlackList.pdat
[2016-01-13 15:34:53]	Cannot open file 
[2016-01-13 15:34:53]	D:\Workplaces\MyEclipse\WordAnalysis\Data\KeyBlackList.pdat
[2016-01-13 15:36:36]	Cannot open file 
[2016-01-13 15:36:36]	D:\Workplaces\MyEclipse\WordAnalysis\Data\KeyBlackList.pdat
[2016-01-13 15:36:36]	Cannot open file 
[2016-01-13 15:36:36]	D:\Workplaces\MyEclipse\WordAnalysis\Data\KeyBlackList.pdat
[2016-01-13 15:36:37]	Cannot open file 
[2016-01-13 15:36:37]	D:\Workplaces\MyEclipse\WordAnalysis\Data\KeyBlackList.pdat
