[2016-01-11 15:51:34]	D:\Workplaces\MyEclipse\WordAnalysis\Data\NLPIR.user Not valid license or your license expired! Please feel free to contact pipy_zhang@msn.com! 
[2016-01-11 16:26:36]	Cannot open file 
[2016-01-11 16:26:36]	D:\Workplaces\MyEclipse\WordAnalysis\Data\KeyBlackList.pdat
[2016-01-11 16:26:37]	Failed Open file Failed Open file 
[2016-01-11 16:26:37]	Error read file
[2016-01-11 16:26:37]	test/Userdic.txt
[2016-01-11 16:28:06]	Cannot open file 
[2016-01-11 16:28:06]	D:\Workplaces\MyEclipse\WordAnalysis\Data\KeyBlackList.pdat
[2016-01-11 16:28:06]	Failed Open file Failed Open file 
[2016-01-11 16:28:06]	Error read file
[2016-01-11 16:28:06]	test/Userdic.txt
[2016-01-11 20:05:36]	Cannot open file 
[2016-01-11 20:05:36]	D:\Workplaces\MyEclipse\WordAnalysis\Data\KeyBlackList.pdat
[2016-01-11 20:05:36]	Failed Open file Failed Open file 
[2016-01-11 20:05:36]	Error read file
[2016-01-11 20:05:36]	test/Userdic.txt
[2016-01-11 20:10:53]	Cannot open file 
[2016-01-11 20:10:53]	D:\Workplaces\MyEclipse\WordAnalysis\Data\KeyBlackList.pdat
[2016-01-11 20:10:53]	Failed Open file Failed Open file 
[2016-01-11 20:10:53]	Error read file
[2016-01-11 20:10:53]	test/Userdic.txt
[2016-01-11 20:29:34]	Cannot open file 
[2016-01-11 20:29:34]	D:\Workplaces\MyEclipse\WordAnalysis\Data\KeyBlackList.pdat
[2016-01-11 20:29:34]	Failed Open file Failed Open file 
[2016-01-11 20:29:34]	Error read file
[2016-01-11 20:29:34]	test/Userdic.txt
[2016-01-11 20:29:34]	Cannot open file 
[2016-01-11 20:29:34]	D:\Workplaces\MyEclipse\WordAnalysis\Data\KeyBlackList.pdat
[2016-01-11 20:29:34]	Failed Open file Failed Open file 
[2016-01-11 20:29:34]	Error read file
[2016-01-11 20:29:34]	test/Userdic.txt
[2016-01-11 20:31:40]	Cannot open file 
[2016-01-11 20:31:40]	D:\Workplaces\MyEclipse\WordAnalysis\Data\KeyBlackList.pdat
[2016-01-11 20:31:40]	Failed Open file Failed Open file 
[2016-01-11 20:31:40]	Error read file
[2016-01-11 20:31:40]	test/Userdic.txt
[2016-01-11 20:31:40]	Cannot open file 
[2016-01-11 20:31:40]	D:\Workplaces\MyEclipse\WordAnalysis\Data\KeyBlackList.pdat
[2016-01-11 20:31:40]	Failed Open file Failed Open file 
[2016-01-11 20:31:40]	Error read file
[2016-01-11 20:31:40]	test/Userdic.txt
[2016-01-11 20:31:40]	Cannot open file 
[2016-01-11 20:31:40]	D:\Workplaces\MyEclipse\WordAnalysis\Data\KeyBlackList.pdat
[2016-01-11 20:31:40]	Failed Open file Failed Open file 
[2016-01-11 20:31:40]	Error read file
[2016-01-11 20:31:40]	test/Userdic.txt
[2016-01-11 20:33:26]	Cannot open file 
[2016-01-11 20:33:26]	D:\Workplaces\MyEclipse\WordAnalysis\Data\KeyBlackList.pdat
[2016-01-11 20:33:26]	Failed Open file Failed Open file 
[2016-01-11 20:33:26]	Error read file
[2016-01-11 20:33:26]	test/Userdic.txt
[2016-01-11 20:33:26]	Cannot open file 
[2016-01-11 20:33:26]	D:\Workplaces\MyEclipse\WordAnalysis\Data\KeyBlackList.pdat
[2016-01-11 20:33:26]	Failed Open file Failed Open file 
[2016-01-11 20:33:26]	Error read file
[2016-01-11 20:33:26]	test/Userdic.txt
[2016-01-11 20:33:26]	Cannot open file 
[2016-01-11 20:33:26]	D:\Workplaces\MyEclipse\WordAnalysis\Data\KeyBlackList.pdat
[2016-01-11 20:33:26]	Failed Open file Failed Open file 
[2016-01-11 20:33:26]	Error read file
[2016-01-11 20:33:26]	test/Userdic.txt
[2016-01-11 20:33:27]	Cannot open file 
[2016-01-11 20:33:27]	D:\Workplaces\MyEclipse\WordAnalysis\Data\KeyBlackList.pdat
[2016-01-11 20:33:27]	Failed Open file Failed Open file 
[2016-01-11 20:33:27]	Error read file
[2016-01-11 20:33:27]	test/Userdic.txt
[2016-01-11 20:35:28]	Cannot open file 
[2016-01-11 20:35:28]	D:\Workplaces\MyEclipse\WordAnalysis\Data\KeyBlackList.pdat
[2016-01-11 20:35:28]	Failed Open file Failed Open file 
[2016-01-11 20:35:28]	Error read file
[2016-01-11 20:35:28]	test/Userdic.txt
[2016-01-11 20:35:28]	Cannot open file 
[2016-01-11 20:35:28]	D:\Workplaces\MyEclipse\WordAnalysis\Data\KeyBlackList.pdat
[2016-01-11 20:35:28]	Failed Open file Failed Open file 
[2016-01-11 20:35:28]	Error read file
[2016-01-11 20:35:28]	test/Userdic.txt
[2016-01-11 20:35:28]	Cannot open file 
[2016-01-11 20:35:28]	D:\Workplaces\MyEclipse\WordAnalysis\Data\KeyBlackList.pdat
[2016-01-11 20:35:28]	Failed Open file Failed Open file 
[2016-01-11 20:35:28]	Error read file
[2016-01-11 20:35:28]	test/Userdic.txt
[2016-01-11 20:35:28]	Cannot open file 
[2016-01-11 20:35:28]	D:\Workplaces\MyEclipse\WordAnalysis\Data\KeyBlackList.pdat
[2016-01-11 20:35:28]	Failed Open file Failed Open file 
[2016-01-11 20:35:28]	Error read file
[2016-01-11 20:35:28]	test/Userdic.txt
[2016-01-11 20:35:28]	Cannot open file 
[2016-01-11 20:35:28]	D:\Workplaces\MyEclipse\WordAnalysis\Data\KeyBlackList.pdat
[2016-01-11 20:35:28]	Failed Open file Failed Open file 
[2016-01-11 20:35:28]	Error read file
[2016-01-11 20:35:28]	test/Userdic.txt
[2016-01-11 20:36:07]	Cannot open file 
[2016-01-11 20:36:07]	D:\Workplaces\MyEclipse\WordAnalysis\Data\KeyBlackList.pdat
[2016-01-11 20:36:08]	Failed Open file Failed Open file 
[2016-01-11 20:36:08]	Error read file
[2016-01-11 20:36:08]	test/Userdic.txt
[2016-01-11 20:36:08]	Cannot open file 
[2016-01-11 20:36:08]	D:\Workplaces\MyEclipse\WordAnalysis\Data\KeyBlackList.pdat
[2016-01-11 20:36:08]	Failed Open file Failed Open file 
[2016-01-11 20:36:08]	Error read file
[2016-01-11 20:36:08]	test/Userdic.txt
[2016-01-11 20:36:08]	Cannot open file 
[2016-01-11 20:36:08]	D:\Workplaces\MyEclipse\WordAnalysis\Data\KeyBlackList.pdat
[2016-01-11 20:36:08]	Failed Open file Failed Open file 
[2016-01-11 20:36:08]	Error read file
[2016-01-11 20:36:08]	test/Userdic.txt
[2016-01-11 20:36:08]	Cannot open file 
[2016-01-11 20:36:08]	D:\Workplaces\MyEclipse\WordAnalysis\Data\KeyBlackList.pdat
[2016-01-11 20:36:08]	Failed Open file Failed Open file 
[2016-01-11 20:36:08]	Error read file
[2016-01-11 20:36:08]	test/Userdic.txt
[2016-01-11 20:36:08]	Cannot open file 
[2016-01-11 20:36:08]	D:\Workplaces\MyEclipse\WordAnalysis\Data\KeyBlackList.pdat
[2016-01-11 20:36:08]	Failed Open file Failed Open file 
[2016-01-11 20:36:08]	Error read file
[2016-01-11 20:36:08]	test/Userdic.txt
[2016-01-11 20:37:20]	Cannot open file 
[2016-01-11 20:37:20]	D:\Workplaces\MyEclipse\WordAnalysis\Data\KeyBlackList.pdat
[2016-01-11 20:37:20]	Failed Open file Failed Open file 
[2016-01-11 20:37:20]	Error read file
[2016-01-11 20:37:20]	test/Userdic.txt
[2016-01-11 20:37:20]	Cannot open file 
[2016-01-11 20:37:20]	D:\Workplaces\MyEclipse\WordAnalysis\Data\KeyBlackList.pdat
[2016-01-11 20:37:20]	Failed Open file Failed Open file 
[2016-01-11 20:37:20]	Error read file
[2016-01-11 20:37:20]	test/Userdic.txt
[2016-01-11 20:37:20]	Cannot open file 
[2016-01-11 20:37:20]	D:\Workplaces\MyEclipse\WordAnalysis\Data\KeyBlackList.pdat
[2016-01-11 20:37:20]	Failed Open file Failed Open file 
[2016-01-11 20:37:20]	Error read file
[2016-01-11 20:37:20]	test/Userdic.txt
[2016-01-11 20:37:20]	Cannot open file 
[2016-01-11 20:37:20]	D:\Workplaces\MyEclipse\WordAnalysis\Data\KeyBlackList.pdat
[2016-01-11 20:37:20]	Failed Open file Failed Open file 
[2016-01-11 20:37:20]	Error read file
[2016-01-11 20:37:20]	test/Userdic.txt
[2016-01-11 20:37:20]	Cannot open file 
[2016-01-11 20:37:20]	D:\Workplaces\MyEclipse\WordAnalysis\Data\KeyBlackList.pdat
[2016-01-11 20:37:20]	Failed Open file Failed Open file 
[2016-01-11 20:37:20]	Error read file
[2016-01-11 20:37:20]	test/Userdic.txt
[2016-01-11 20:37:38]	Cannot open file 
[2016-01-11 20:37:38]	D:\Workplaces\MyEclipse\WordAnalysis\Data\KeyBlackList.pdat
[2016-01-11 20:37:38]	Failed Open file Failed Open file 
[2016-01-11 20:37:38]	Error read file
[2016-01-11 20:37:38]	test/Userdic.txt
[2016-01-11 20:37:38]	Cannot open file 
[2016-01-11 20:37:38]	D:\Workplaces\MyEclipse\WordAnalysis\Data\KeyBlackList.pdat
[2016-01-11 20:37:38]	Failed Open file Failed Open file 
[2016-01-11 20:37:38]	Error read file
[2016-01-11 20:37:38]	test/Userdic.txt
[2016-01-11 20:37:38]	Cannot open file 
[2016-01-11 20:37:38]	D:\Workplaces\MyEclipse\WordAnalysis\Data\KeyBlackList.pdat
[2016-01-11 20:37:38]	Failed Open file Failed Open file 
[2016-01-11 20:37:38]	Error read file
[2016-01-11 20:37:38]	test/Userdic.txt
[2016-01-11 20:37:38]	Cannot open file 
[2016-01-11 20:37:38]	D:\Workplaces\MyEclipse\WordAnalysis\Data\KeyBlackList.pdat
[2016-01-11 20:37:38]	Failed Open file Failed Open file 
[2016-01-11 20:37:38]	Error read file
[2016-01-11 20:37:38]	test/Userdic.txt
[2016-01-11 20:37:38]	Cannot open file 
[2016-01-11 20:37:38]	D:\Workplaces\MyEclipse\WordAnalysis\Data\KeyBlackList.pdat
[2016-01-11 20:37:38]	Failed Open file Failed Open file 
[2016-01-11 20:37:38]	Error read file
[2016-01-11 20:37:38]	test/Userdic.txt
[2016-01-11 20:40:28]	Cannot open file 
[2016-01-11 20:40:28]	D:\Workplaces\MyEclipse\WordAnalysis\Data\KeyBlackList.pdat
[2016-01-11 20:40:28]	Failed Open file Failed Open file 
[2016-01-11 20:40:28]	Error read file
[2016-01-11 20:40:28]	test/Userdic.txt
[2016-01-11 20:41:46]	Cannot open file 
[2016-01-11 20:41:46]	D:\Workplaces\MyEclipse\WordAnalysis\Data\KeyBlackList.pdat
[2016-01-11 20:41:46]	Failed Open file Failed Open file 
[2016-01-11 20:41:46]	Error read file
[2016-01-11 20:41:46]	test/Userdic.txt
[2016-01-11 20:43:10]	Cannot open file 
[2016-01-11 20:43:10]	D:\Workplaces\MyEclipse\WordAnalysis\Data\KeyBlackList.pdat
[2016-01-11 20:43:10]	Failed Open file Failed Open file 
[2016-01-11 20:43:10]	Error read file
[2016-01-11 20:43:10]	test/Userdic.txt
[2016-01-11 20:45:10]	Cannot open file 
[2016-01-11 20:45:10]	D:\Workplaces\MyEclipse\WordAnalysis\Data\KeyBlackList.pdat
[2016-01-11 20:45:10]	Failed Open file Failed Open file 
[2016-01-11 20:45:10]	Error read file
[2016-01-11 20:45:10]	test/Userdic.txt
[2016-01-11 20:46:10]	Cannot open file 
[2016-01-11 20:46:10]	D:\Workplaces\MyEclipse\WordAnalysis\Data\KeyBlackList.pdat
[2016-01-11 20:46:10]	Failed Open file Failed Open file 
[2016-01-11 20:46:10]	Error read file
[2016-01-11 20:46:10]	test/Userdic.txt
[2016-01-11 20:46:43]	Cannot open file 
[2016-01-11 20:46:43]	D:\Workplaces\MyEclipse\WordAnalysis\Data\KeyBlackList.pdat
[2016-01-11 20:46:43]	Failed Open file Failed Open file 
[2016-01-11 20:46:43]	Error read file
[2016-01-11 20:46:43]	test/Userdic.txt
[2016-01-11 20:47:02]	Cannot open file 
[2016-01-11 20:47:02]	D:\Workplaces\MyEclipse\WordAnalysis\Data\KeyBlackList.pdat
[2016-01-11 20:47:02]	Failed Open file Failed Open file 
[2016-01-11 20:47:02]	Error read file
[2016-01-11 20:47:02]	test/Userdic.txt
[2016-01-11 20:48:18]	Cannot open file 
[2016-01-11 20:48:18]	D:\Workplaces\MyEclipse\WordAnalysis\Data\KeyBlackList.pdat
[2016-01-11 20:48:18]	Failed Open file Failed Open file 
[2016-01-11 20:48:18]	Error read file
[2016-01-11 20:48:18]	test/Userdic.txt
[2016-01-11 20:49:56]	Cannot open file 
[2016-01-11 20:49:56]	D:\Workplaces\MyEclipse\WordAnalysis\Data\KeyBlackList.pdat
[2016-01-11 20:49:56]	Failed Open file Failed Open file 
[2016-01-11 20:49:56]	Error read file
[2016-01-11 20:49:56]	test/Userdic.txt
[2016-01-11 20:50:38]	Cannot open file 
[2016-01-11 20:50:38]	D:\Workplaces\MyEclipse\WordAnalysis\Data\KeyBlackList.pdat
[2016-01-11 20:50:38]	Failed Open file Failed Open file 
[2016-01-11 20:50:38]	Error read file
[2016-01-11 20:50:38]	test/Userdic.txt
[2016-01-11 20:50:38]	Cannot open file 
[2016-01-11 20:50:38]	D:\Workplaces\MyEclipse\WordAnalysis\Data\KeyBlackList.pdat
[2016-01-11 20:50:38]	Failed Open file Failed Open file 
[2016-01-11 20:50:38]	Error read file
[2016-01-11 20:50:38]	test/Userdic.txt
[2016-01-11 20:50:39]	Cannot open file 
[2016-01-11 20:50:39]	D:\Workplaces\MyEclipse\WordAnalysis\Data\KeyBlackList.pdat
[2016-01-11 20:50:39]	Failed Open file Failed Open file 
[2016-01-11 20:50:39]	Error read file
[2016-01-11 20:50:39]	test/Userdic.txt
[2016-01-11 20:51:31]	Cannot open file 
[2016-01-11 20:51:31]	D:\Workplaces\MyEclipse\WordAnalysis\Data\KeyBlackList.pdat
[2016-01-11 20:51:31]	Failed Open file Failed Open file 
[2016-01-11 20:51:31]	Error read file
[2016-01-11 20:51:31]	test/Userdic.txt
[2016-01-11 20:51:31]	Cannot open file 
[2016-01-11 20:51:31]	D:\Workplaces\MyEclipse\WordAnalysis\Data\KeyBlackList.pdat
[2016-01-11 20:51:31]	Failed Open file Failed Open file 
[2016-01-11 20:51:31]	Error read file
[2016-01-11 20:51:31]	test/Userdic.txt
[2016-01-11 20:51:31]	Cannot open file 
[2016-01-11 20:51:31]	D:\Workplaces\MyEclipse\WordAnalysis\Data\KeyBlackList.pdat
[2016-01-11 20:51:31]	Failed Open file Failed Open file 
[2016-01-11 20:51:31]	Error read file
[2016-01-11 20:51:31]	test/Userdic.txt
[2016-01-11 20:51:42]	Cannot open file 
[2016-01-11 20:51:42]	D:\Workplaces\MyEclipse\WordAnalysis\Data\KeyBlackList.pdat
[2016-01-11 20:51:42]	Failed Open file Failed Open file 
[2016-01-11 20:51:42]	Error read file
[2016-01-11 20:51:42]	test/Userdic.txt
[2016-01-11 20:51:42]	Cannot open file 
[2016-01-11 20:51:42]	D:\Workplaces\MyEclipse\WordAnalysis\Data\KeyBlackList.pdat
[2016-01-11 20:51:42]	Failed Open file Failed Open file 
[2016-01-11 20:51:42]	Error read file
[2016-01-11 20:51:42]	test/Userdic.txt
[2016-01-11 20:51:43]	Cannot open file 
[2016-01-11 20:51:43]	D:\Workplaces\MyEclipse\WordAnalysis\Data\KeyBlackList.pdat
[2016-01-11 20:51:43]	Failed Open file Failed Open file 
[2016-01-11 20:51:43]	Error read file
[2016-01-11 20:51:43]	test/Userdic.txt
[2016-01-11 20:51:47]	Cannot open file 
[2016-01-11 20:51:47]	D:\Workplaces\MyEclipse\WordAnalysis\Data\KeyBlackList.pdat
[2016-01-11 20:51:47]	Failed Open file Failed Open file 
[2016-01-11 20:51:47]	Error read file
[2016-01-11 20:51:47]	test/Userdic.txt
[2016-01-11 20:52:36]	Cannot open file 
[2016-01-11 20:52:36]	D:\Workplaces\MyEclipse\WordAnalysis\Data\KeyBlackList.pdat
[2016-01-11 20:52:36]	Failed Open file Failed Open file 
[2016-01-11 20:52:36]	Error read file
[2016-01-11 20:52:36]	test/Userdic.txt
[2016-01-11 20:53:07]	Cannot open file 
[2016-01-11 20:53:07]	D:\Workplaces\MyEclipse\WordAnalysis\Data\KeyBlackList.pdat
[2016-01-11 20:53:07]	Failed Open file Failed Open file 
[2016-01-11 20:53:07]	Error read file
[2016-01-11 20:53:07]	test/Userdic.txt
[2016-01-11 20:53:23]	Cannot open file 
[2016-01-11 20:53:23]	D:\Workplaces\MyEclipse\WordAnalysis\Data\KeyBlackList.pdat
[2016-01-11 20:53:23]	Failed Open file Failed Open file 
[2016-01-11 20:53:23]	Error read file
[2016-01-11 20:53:23]	test/Userdic.txt
[2016-01-11 20:55:46]	Cannot open file 
[2016-01-11 20:55:46]	D:\Workplaces\MyEclipse\WordAnalysis\Data\KeyBlackList.pdat
[2016-01-11 20:55:46]	Failed Open file Failed Open file 
[2016-01-11 20:55:46]	Error read file
[2016-01-11 20:55:46]	test/Userdic.txt
[2016-01-11 20:55:47]	Cannot open file 
[2016-01-11 20:55:47]	D:\Workplaces\MyEclipse\WordAnalysis\Data\KeyBlackList.pdat
[2016-01-11 20:55:47]	Failed Open file Failed Open file 
[2016-01-11 20:55:47]	Error read file
[2016-01-11 20:55:47]	test/Userdic.txt
[2016-01-11 20:55:47]	Cannot open file 
[2016-01-11 20:55:47]	D:\Workplaces\MyEclipse\WordAnalysis\Data\KeyBlackList.pdat
[2016-01-11 20:55:47]	Failed Open file Failed Open file 
[2016-01-11 20:55:47]	Error read file
[2016-01-11 20:55:47]	test/Userdic.txt
[2016-01-11 20:56:15]	Cannot open file 
[2016-01-11 20:56:15]	D:\Workplaces\MyEclipse\WordAnalysis\Data\KeyBlackList.pdat
[2016-01-11 20:56:15]	Failed Open file Failed Open file 
[2016-01-11 20:56:15]	Error read file
[2016-01-11 20:56:15]	test/Userdic.txt
[2016-01-11 20:57:00]	Cannot open file 
[2016-01-11 20:57:00]	D:\Workplaces\MyEclipse\WordAnalysis\Data\KeyBlackList.pdat
[2016-01-11 20:57:00]	Failed Open file Failed Open file 
[2016-01-11 20:57:00]	Error read file
[2016-01-11 20:57:00]	test/Userdic.txt
[2016-01-11 20:57:32]	Cannot open file 
[2016-01-11 20:57:32]	D:\Workplaces\MyEclipse\WordAnalysis\Data\KeyBlackList.pdat
[2016-01-11 20:57:32]	Failed Open file Failed Open file 
[2016-01-11 20:57:32]	Error read file
[2016-01-11 20:57:32]	test/Userdic.txt
[2016-01-11 20:57:48]	Cannot open file 
[2016-01-11 20:57:48]	D:\Workplaces\MyEclipse\WordAnalysis\Data\KeyBlackList.pdat
[2016-01-11 20:57:48]	Failed Open file Failed Open file 
[2016-01-11 20:57:48]	Error read file
[2016-01-11 20:57:48]	test/Userdic.txt
[2016-01-11 20:57:48]	Cannot open file 
[2016-01-11 20:57:48]	D:\Workplaces\MyEclipse\WordAnalysis\Data\KeyBlackList.pdat
[2016-01-11 20:57:48]	Failed Open file Failed Open file 
[2016-01-11 20:57:48]	Error read file
[2016-01-11 20:57:48]	test/Userdic.txt
[2016-01-11 20:57:48]	Cannot open file 
[2016-01-11 20:57:48]	D:\Workplaces\MyEclipse\WordAnalysis\Data\KeyBlackList.pdat
[2016-01-11 20:57:48]	Failed Open file Failed Open file 
[2016-01-11 20:57:48]	Error read file
[2016-01-11 20:57:48]	test/Userdic.txt
[2016-01-11 20:58:48]	Cannot open file 
[2016-01-11 20:58:48]	D:\Workplaces\MyEclipse\WordAnalysis\Data\KeyBlackList.pdat
[2016-01-11 20:58:48]	Failed Open file Failed Open file 
[2016-01-11 20:58:48]	Error read file
[2016-01-11 20:58:48]	test/Userdic.txt
[2016-01-11 20:58:48]	Cannot open file 
[2016-01-11 20:58:48]	D:\Workplaces\MyEclipse\WordAnalysis\Data\KeyBlackList.pdat
[2016-01-11 20:58:48]	Failed Open file Failed Open file 
[2016-01-11 20:58:48]	Error read file
[2016-01-11 20:58:48]	test/Userdic.txt
[2016-01-11 20:58:48]	Cannot open file 
[2016-01-11 20:58:48]	D:\Workplaces\MyEclipse\WordAnalysis\Data\KeyBlackList.pdat
[2016-01-11 20:58:48]	Failed Open file Failed Open file 
[2016-01-11 20:58:48]	Error read file
[2016-01-11 20:58:48]	test/Userdic.txt
[2016-01-11 21:00:07]	Cannot open file 
[2016-01-11 21:00:07]	D:\Workplaces\MyEclipse\WordAnalysis\Data\KeyBlackList.pdat
[2016-01-11 21:00:07]	Failed Open file Failed Open file 
[2016-01-11 21:00:07]	Error read file
[2016-01-11 21:00:07]	test/Userdic.txt
[2016-01-11 21:00:07]	Cannot open file 
[2016-01-11 21:00:07]	D:\Workplaces\MyEclipse\WordAnalysis\Data\KeyBlackList.pdat
[2016-01-11 21:00:07]	Failed Open file Failed Open file 
[2016-01-11 21:00:07]	Error read file
[2016-01-11 21:00:07]	test/Userdic.txt
[2016-01-11 21:00:07]	Cannot open file 
[2016-01-11 21:00:07]	D:\Workplaces\MyEclipse\WordAnalysis\Data\KeyBlackList.pdat
[2016-01-11 21:00:07]	Failed Open file Failed Open file 
[2016-01-11 21:00:07]	Error read file
[2016-01-11 21:00:07]	test/Userdic.txt
[2016-01-11 21:08:25]	Cannot open file 
[2016-01-11 21:08:25]	D:\Workplaces\MyEclipse\WordAnalysis\Data\KeyBlackList.pdat
[2016-01-11 21:08:25]	Failed Open file Failed Open file 
[2016-01-11 21:08:25]	Error read file
[2016-01-11 21:08:25]	test/Userdic.txt
[2016-01-11 21:08:25]	Cannot open file 
[2016-01-11 21:08:25]	D:\Workplaces\MyEclipse\WordAnalysis\Data\KeyBlackList.pdat
[2016-01-11 21:08:25]	Failed Open file Failed Open file 
[2016-01-11 21:08:25]	Error read file
[2016-01-11 21:08:25]	test/Userdic.txt
[2016-01-11 21:08:25]	Cannot open file 
[2016-01-11 21:08:25]	D:\Workplaces\MyEclipse\WordAnalysis\Data\KeyBlackList.pdat
[2016-01-11 21:08:25]	Failed Open file Failed Open file 
[2016-01-11 21:08:25]	Error read file
[2016-01-11 21:08:25]	test/Userdic.txt
[2016-01-11 21:13:55]	Cannot open file 
[2016-01-11 21:13:55]	D:\Workplaces\MyEclipse\WordAnalysis\Data\KeyBlackList.pdat
[2016-01-11 21:13:55]	Failed Open file Failed Open file 
[2016-01-11 21:13:55]	Error read file
[2016-01-11 21:13:55]	test/Userdic.txt
[2016-01-11 21:13:55]	Cannot open file 
[2016-01-11 21:13:55]	D:\Workplaces\MyEclipse\WordAnalysis\Data\KeyBlackList.pdat
[2016-01-11 21:13:55]	Failed Open file Failed Open file 
[2016-01-11 21:13:55]	Error read file
[2016-01-11 21:13:55]	test/Userdic.txt
[2016-01-11 21:13:55]	Cannot open file 
[2016-01-11 21:13:55]	D:\Workplaces\MyEclipse\WordAnalysis\Data\KeyBlackList.pdat
[2016-01-11 21:13:55]	Failed Open file Failed Open file 
[2016-01-11 21:13:55]	Error read file
[2016-01-11 21:13:55]	test/Userdic.txt
